Using pre-set license
Built from '2020.3/staging' branch; Version is '2020.3.14f1 (d0d1bb862f9d) revision 13685179'; Using compiler version '192528614'; Build Type 'Release'
OS: 'Windows 10 Pro; OS build 19044.1526; Version 2009; 64bit' Language: 'es' Physical Memory: 18379 MB
BatchMode: 1, IsHumanControllingUs: 0, StartBugReporterOnCrash: 0, Is64bit: 1, IsPro: 0

 COMMAND LINE ARGUMENTS:
C:\Program Files\Unity\Hub\Editor\2020.3.14f1\Editor\Unity.exe
-adb2
-batchMode
-noUpm
-name
AssetImportWorker0
-projectPath
C:/Users/Pedro Mendez/Documents/ProyectoGradoFinal
-logFile
Logs/AssetImportWorker0.log
-srvPort
54225
Successfully changed project path to: C:/Users/Pedro Mendez/Documents/ProyectoGradoFinal
C:/Users/Pedro Mendez/Documents/ProyectoGradoFinal
Using Asset Import Pipeline V2.
Refreshing native plugins compatible for Editor in 147.86 ms, found 2 plugins.
Preloading 0 native plugins for Editor in 0.00 ms.
Initialize engine version: 2020.3.14f1 (d0d1bb862f9d)
[Subsystems] Discovering subsystems at path C:/Program Files/Unity/Hub/Editor/2020.3.14f1/Editor/Data/Resources/UnitySubsystems
[Subsystems] Discovering subsystems at path C:/Users/Pedro Mendez/Documents/ProyectoGradoFinal/Assets
GfxDevice: creating device client; threaded=0
Direct3D:
    Version:  Direct3D 11.0 [level 11.1]
    Renderer: AMD Radeon(TM) Vega 8 Graphics (ID=0x15d8)
    Vendor:   
    VRAM:     9189 MB
    Driver:   30.0.13025.5005
Initialize mono
Mono path[0] = 'C:/Program Files/Unity/Hub/Editor/2020.3.14f1/Editor/Data/Managed'
Mono path[1] = 'C:/Program Files/Unity/Hub/Editor/2020.3.14f1/Editor/Data/MonoBleedingEdge/lib/mono/unityjit'
Mono config path = 'C:/Program Files/Unity/Hub/Editor/2020.3.14f1/Editor/Data/MonoBleedingEdge/etc'
Using monoOptions --debugger-agent=transport=dt_socket,embedding=1,server=y,suspend=n,address=127.0.0.1:56976
Begin MonoManager ReloadAssembly
Registering precompiled unity dll's ...
Register platform support module: C:/Program Files/Unity/Hub/Editor/2020.3.14f1/Editor/Data/PlaybackEngines/WindowsStandaloneSupport/UnityEditor.WindowsStandalone.Extensions.dll
Registered in 0.006186 seconds.
Native extension for WindowsStandalone target not found
Refreshing native plugins compatible for Editor in 556.44 ms, found 2 plugins.
Preloading 0 native plugins for Editor in 0.00 ms.
Mono: successfully reloaded assembly
- Completed reload, in 15.647 seconds
Domain Reload Profiling:
	ReloadAssembly (15647ms)
		BeginReloadAssembly (147ms)
			ExecutionOrderSort (0ms)
			DisableScriptedObjects (0ms)
			BackupInstance (0ms)
			ReleaseScriptingObjects (0ms)
			CreateAndSetChildDomain (2ms)
		EndReloadAssembly (7094ms)
			LoadAssemblies (144ms)
			RebuildTransferFunctionScriptingTraits (0ms)
			SetupTypeCache (2359ms)
			ReleaseScriptCaches (0ms)
			RebuildScriptCaches (961ms)
			SetupLoadedEditorAssemblies (2814ms)
				LogAssemblyErrors (0ms)
				InitializePlatformSupportModulesInManaged (16ms)
				SetLoadedEditorAssemblies (2ms)
				RefreshPlugins (557ms)
				BeforeProcessingInitializeOnLoad (44ms)
				ProcessInitializeOnLoadAttributes (2049ms)
				ProcessInitializeOnLoadMethodAttributes (146ms)
				AfterProcessingInitializeOnLoad (0ms)
				EditorAssembliesLoaded (1ms)
			ExecutionOrderSort2 (0ms)
			AwakeInstancesAfterBackupRestoration (0ms)
Platform modules already initialized, skipping
Registering precompiled user dll's ...
Registered in 0.016547 seconds.
Begin MonoManager ReloadAssembly
Native extension for WindowsStandalone target not found
Refreshing native plugins compatible for Editor in 1.24 ms, found 2 plugins.
Preloading 0 native plugins for Editor in 0.00 ms.
Mono: successfully reloaded assembly
- Completed reload, in  2.924 seconds
Domain Reload Profiling:
	ReloadAssembly (2926ms)
		BeginReloadAssembly (543ms)
			ExecutionOrderSort (0ms)
			DisableScriptedObjects (14ms)
			BackupInstance (0ms)
			ReleaseScriptingObjects (0ms)
			CreateAndSetChildDomain (81ms)
		EndReloadAssembly (2136ms)
			LoadAssemblies (369ms)
			RebuildTransferFunctionScriptingTraits (0ms)
			SetupTypeCache (711ms)
			ReleaseScriptCaches (1ms)
			RebuildScriptCaches (133ms)
			SetupLoadedEditorAssemblies (798ms)
				LogAssemblyErrors (0ms)
				InitializePlatformSupportModulesInManaged (12ms)
				SetLoadedEditorAssemblies (1ms)
				RefreshPlugins (1ms)
				BeforeProcessingInitializeOnLoad (211ms)
				ProcessInitializeOnLoadAttributes (533ms)
				ProcessInitializeOnLoadMethodAttributes (27ms)
				AfterProcessingInitializeOnLoad (12ms)
				EditorAssembliesLoaded (1ms)
			ExecutionOrderSort2 (0ms)
			AwakeInstancesAfterBackupRestoration (18ms)
Platform modules already initialized, skipping
========================================================================
Worker process is ready to serve import requests
Launched and connected shader compiler UnityShaderCompiler.exe after 0.11 seconds
Refreshing native plugins compatible for Editor in 2.24 ms, found 2 plugins.
Preloading 0 native plugins for Editor in 0.00 ms.
Unloading 1691 Unused Serialized files (Serialized files now loaded: 0)
System memory in use before: 108.5 MB.
System memory in use after: 108.6 MB.

Unloading 32 unused Assets to reduce memory usage. Loaded Objects now: 2168.
Total: 6.867800 ms (FindLiveObjects: 0.487000 ms CreateObjectMapping: 0.117000 ms MarkObjects: 5.846700 ms  DeleteObjects: 0.412200 ms)

AssetImportParameters requested are different than current active one (requested -> active):
  custom:framework-win-MediaFoundation: 216162199b28c13a410421893ffa2e32 -> 
  custom:video-decoder-ogg-theora: a1e56fd34408186e4bbccfd4996cb3dc -> 
  custom:container-muxer-webm: aa71ff27fc2769a1b78a27578f13a17b -> 
  custom:container-demuxer-webm: 4f35f7cbe854078d1ac9338744f61a02 -> 
  custom:container-demuxer-ogg: 62fdf1f143b41e24485cea50d1cbac27 -> 
  custom:video-encoder-webm-vp8: eb34c28f22e8b96e1ab97ce403110664 -> 
  custom:video-decoder-webm-vp8: 9c59270c3fd7afecdb556c50c9e8de78 -> 
  custom:audio-decoder-ogg-vorbis: bf7c407c2cedff20999df2af8eb42d56 -> 
  custom:audio-encoder-webm-vorbis: bf7c407c2cedff20999df2af8eb42d56 -> 
========================================================================
Received Import Request.
  path: Assets/Scripts/scriptNotes.cs
  artifactKey: Guid(abbbac77747f96147be6820c579ce11b) Importer(815301076,1909f56bfc062723c751e8b465ee728b)
Start importing Assets/Scripts/scriptNotes.cs using Guid(abbbac77747f96147be6820c579ce11b) Importer(815301076,1909f56bfc062723c751e8b465ee728b)  -> (artifact id: '2c32487d5a24233f5e73b97ca3f3255f') in 0.122015 seconds 
  Import took 0.130018 seconds .

========================================================================
Received Import Request.
  Time since last request: 190.554810 seconds.
  path: Assets/Characters/hostile_stundent/Materials/Jasper_Bottom_Diffuse.mat
  artifactKey: Guid(80ab8fce360373a43827359101a1118c) Importer(815301076,1909f56bfc062723c751e8b465ee728b)
Start importing Assets/Characters/hostile_stundent/Materials/Jasper_Bottom_Diffuse.mat using Guid(80ab8fce360373a43827359101a1118c) Importer(815301076,1909f56bfc062723c751e8b465ee728b)  -> (artifact id: '7ef8f2e82ba812989aaf4fd5c1767911') in 0.328757 seconds 
  Import took 0.336074 seconds .

========================================================================
Received Import Request.
  Time since last request: 0.000604 seconds.
  path: Assets/Characters/hostile_stundent/Materials/Jasper_Shoes_Diffuse.mat
  artifactKey: Guid(4d526562d6b4da04a8e05b386f98f087) Importer(815301076,1909f56bfc062723c751e8b465ee728b)
Start importing Assets/Characters/hostile_stundent/Materials/Jasper_Shoes_Diffuse.mat using Guid(4d526562d6b4da04a8e05b386f98f087) Importer(815301076,1909f56bfc062723c751e8b465ee728b)  -> (artifact id: 'bc67c7bd3c7d8a2d394770378152296d') in 0.056130 seconds 
  Import took 0.066810 seconds .

========================================================================
Received Import Request.
  Time since last request: 0.000585 seconds.
  path: Assets/Characters/hostile_stundent/Materials/Jasper_Hair_Diffuse.mat
  artifactKey: Guid(7ba89acdac552954aa2ebe185b7e8488) Importer(815301076,1909f56bfc062723c751e8b465ee728b)
Start importing Assets/Characters/hostile_stundent/Materials/Jasper_Hair_Diffuse.mat using Guid(7ba89acdac552954aa2ebe185b7e8488) Importer(815301076,1909f56bfc062723c751e8b465ee728b)  -> (artifact id: '7121581e479edd43359a681e2d23a09c') in 0.161958 seconds 
  Import took 0.169301 seconds .

========================================================================
Received Import Request.
  Time since last request: 0.000454 seconds.
  path: Assets/Characters/hostile_stundent/Materials/Jasper_Top_Diffuse.mat
  artifactKey: Guid(99e35db42326adc4b8cac8f76edd826e) Importer(815301076,1909f56bfc062723c751e8b465ee728b)
Start importing Assets/Characters/hostile_stundent/Materials/Jasper_Top_Diffuse.mat using Guid(99e35db42326adc4b8cac8f76edd826e) Importer(815301076,1909f56bfc062723c751e8b465ee728b)  -> (artifact id: '00acd09150d5cbc38ce5774212edb3a4') in 0.058573 seconds 
  Import took 0.066467 seconds .

========================================================================
Received Import Request.
  Time since last request: 454.304308 seconds.
  path: Assets/Animation/A_AJ/AjAnimatorController.controller
  artifactKey: Guid(29e99cbf2d663fc40ada464742166a46) Importer(815301076,1909f56bfc062723c751e8b465ee728b)
Start importing Assets/Animation/A_AJ/AjAnimatorController.controller using Guid(29e99cbf2d663fc40ada464742166a46) Importer(815301076,1909f56bfc062723c751e8b465ee728b)  -> (artifact id: '50cdbf73f5cb280c3fac2b0dcc7a772e') in 0.045171 seconds 
  Import took 0.055573 seconds .

========================================================================
Received Import Request.
  Time since last request: 21.257017 seconds.
  path: Assets/Characters/teacher_One/animation_teacher_one/Marcus@Standing Arguing.fbm
  artifactKey: Guid(57daab5c4b85f8a43bc3b98bdab0a6b3) Importer(815301076,1909f56bfc062723c751e8b465ee728b)
Start importing Assets/Characters/teacher_One/animation_teacher_one/Marcus@Standing Arguing.fbm using Guid(57daab5c4b85f8a43bc3b98bdab0a6b3) Importer(815301076,1909f56bfc062723c751e8b465ee728b)  -> (artifact id: 'abf5e2a0c2d90a56ec1175915f0bc844') in 0.023718 seconds 
  Import took 0.031575 seconds .

========================================================================
Received Import Request.
  Time since last request: 0.397665 seconds.
  path: Assets/Characters/teacher_One/animation_teacher_one/Breathing Idle.anim
  artifactKey: Guid(140d3f202cfc9a34f91b1efd057679ae) Importer(815301076,1909f56bfc062723c751e8b465ee728b)
Start importing Assets/Characters/teacher_One/animation_teacher_one/Breathing Idle.anim using Guid(140d3f202cfc9a34f91b1efd057679ae) Importer(815301076,1909f56bfc062723c751e8b465ee728b)  -> (artifact id: 'c6c1294756e96cebaf10a024b87a2f21') in 0.096665 seconds 
  Import took 0.104616 seconds .

========================================================================
Received Import Request.
  Time since last request: 33.684151 seconds.
  path: Assets/Characters/hostile_stundent/Animator
  artifactKey: Guid(e59771f31dbc7fc47b4a41c5cb82acd9) Importer(815301076,1909f56bfc062723c751e8b465ee728b)
Start importing Assets/Characters/hostile_stundent/Animator using Guid(e59771f31dbc7fc47b4a41c5cb82acd9) Importer(815301076,1909f56bfc062723c751e8b465ee728b)  -> (artifact id: 'f9cf21fd15e77814a62084853c6e57f8') in 0.024664 seconds 
  Import took 0.033272 seconds .

========================================================================
Received Import Request.
  Time since last request: 0.097069 seconds.
  path: Assets/Characters/hostile_stundent/Animator
  artifactKey: Guid(e59771f31dbc7fc47b4a41c5cb82acd9) Importer(815301076,1909f56bfc062723c751e8b465ee728b)
Start importing Assets/Characters/hostile_stundent/Animator using Guid(e59771f31dbc7fc47b4a41c5cb82acd9) Importer(815301076,1909f56bfc062723c751e8b465ee728b)  -> (artifact id: 'f9cf21fd15e77814a62084853c6e57f8') in 0.009945 seconds 
  Import took 0.017272 seconds .

========================================================================
Received Import Request.
  Time since last request: 77.023376 seconds.
  path: Assets/Characters/teacher_One/animation_teacher_one/Marcus@Breathing Idle.fbm/Marcus_Beard_Diffuse.png
  artifactKey: Guid(ece8f66cab868d549b568edf18d1cf97) Importer(815301076,1909f56bfc062723c751e8b465ee728b)
Start importing Assets/Characters/teacher_One/animation_teacher_one/Marcus@Breathing Idle.fbm/Marcus_Beard_Diffuse.png using Guid(ece8f66cab868d549b568edf18d1cf97) Importer(815301076,1909f56bfc062723c751e8b465ee728b)  -> (artifact id: '47da1ed178c32cc641fadc7915373144') in 0.176447 seconds 
  Import took 0.184886 seconds .

========================================================================
Received Import Request.
  Time since last request: 0.000616 seconds.
  path: Assets/Characters/teacher_One/animation_teacher_one/Marcus@Breathing Idle.fbm/Marcus_Body_Normal.png
  artifactKey: Guid(e42f0d12ca49702409b69e5310708867) Importer(815301076,1909f56bfc062723c751e8b465ee728b)
Start importing Assets/Characters/teacher_One/animation_teacher_one/Marcus@Breathing Idle.fbm/Marcus_Body_Normal.png using Guid(e42f0d12ca49702409b69e5310708867) Importer(815301076,1909f56bfc062723c751e8b465ee728b)  -> (artifact id: '44a70fe32fe767fc574839bc48bebf8e') in 0.044095 seconds 
  Import took 0.053108 seconds .

========================================================================
Received Import Request.
  Time since last request: 0.000598 seconds.
  path: Assets/Characters/teacher_One/animation_teacher_one/Marcus@Breathing Idle.fbm/Marcus_Bottom_Diffuse.png
  artifactKey: Guid(26161dd5c61ab9343884aa1087df848d) Importer(815301076,1909f56bfc062723c751e8b465ee728b)
Start importing Assets/Characters/teacher_One/animation_teacher_one/Marcus@Breathing Idle.fbm/Marcus_Bottom_Diffuse.png using Guid(26161dd5c61ab9343884aa1087df848d) Importer(815301076,1909f56bfc062723c751e8b465ee728b)  -> (artifact id: '1f5bebc62e3626bd6883ddaea1463a08') in 0.039145 seconds 
  Import took 0.049002 seconds .

========================================================================
Received Import Request.
  Time since last request: 0.000575 seconds.
  path: Assets/Characters/teacher_One/animation_teacher_one/Marcus@Breathing Idle.fbm/Marcus_Bottom_Normal.png
  artifactKey: Guid(035c02097c9432542842f212eeab4c9f) Importer(815301076,1909f56bfc062723c751e8b465ee728b)
Start importing Assets/Characters/teacher_One/animation_teacher_one/Marcus@Breathing Idle.fbm/Marcus_Bottom_Normal.png using Guid(035c02097c9432542842f212eeab4c9f) Importer(815301076,1909f56bfc062723c751e8b465ee728b)  -> (artifact id: 'fc2a9c8d8c7cd3c5a955e8e3e66735e4') in 0.043823 seconds 
  Import took 0.052962 seconds .

========================================================================
Received Import Request.
  Time since last request: 0.000545 seconds.
  path: Assets/Characters/teacher_One/animation_teacher_one/Marcus@Breathing Idle.fbm/Marcus_Beard_Normal.png
  artifactKey: Guid(157d0552472c6414ca4c7cdf4fd4fe72) Importer(815301076,1909f56bfc062723c751e8b465ee728b)
Start importing Assets/Characters/teacher_One/animation_teacher_one/Marcus@Breathing Idle.fbm/Marcus_Beard_Normal.png using Guid(157d0552472c6414ca4c7cdf4fd4fe72) Importer(815301076,1909f56bfc062723c751e8b465ee728b)  -> (artifact id: '788fccfcf4eb383f3a5cc49c75d3acc2') in 0.040073 seconds 
  Import took 0.048215 seconds .

========================================================================
Received Import Request.
  Time since last request: 0.000620 seconds.
  path: Assets/Characters/teacher_One/animation_teacher_one/Marcus@Breathing Idle.fbm/Marcus_Body_Diffuse.png
  artifactKey: Guid(f62c11d22ed047e4492b2765b2808f0f) Importer(815301076,1909f56bfc062723c751e8b465ee728b)
Start importing Assets/Characters/teacher_One/animation_teacher_one/Marcus@Breathing Idle.fbm/Marcus_Body_Diffuse.png using Guid(f62c11d22ed047e4492b2765b2808f0f) Importer(815301076,1909f56bfc062723c751e8b465ee728b)  -> (artifact id: '38b3fc714ea7e6f2b95c38110973be0c') in 0.034358 seconds 
  Import took 0.040644 seconds .

========================================================================
Received Import Request.
  Time since last request: 62.840428 seconds.
  path: Assets/Characters/hostile_stundent/Animator/Marcus@Breathing Idle.controller
  artifactKey: Guid(4216e0ed8f386bd4eb3284ca06e7936d) Importer(815301076,1909f56bfc062723c751e8b465ee728b)
Start importing Assets/Characters/hostile_stundent/Animator/Marcus@Breathing Idle.controller using Guid(4216e0ed8f386bd4eb3284ca06e7936d) Importer(815301076,1909f56bfc062723c751e8b465ee728b)  -> (artifact id: '915d1f97f657c86054930ff8cc65bc03') in 0.037478 seconds 
  Import took 0.045404 seconds .

========================================================================
Received Import Request.
  Time since last request: 65.434994 seconds.
  path: Assets/Characters/teacher_One/animation_teacher_one/Marcus@Breathing Idle.fbm/Marcus_Beard_Gloss.png
  artifactKey: Guid(ac55a46a642b3ac40af21b9134abf41d) Importer(815301076,1909f56bfc062723c751e8b465ee728b)
Start importing Assets/Characters/teacher_One/animation_teacher_one/Marcus@Breathing Idle.fbm/Marcus_Beard_Gloss.png using Guid(ac55a46a642b3ac40af21b9134abf41d) Importer(815301076,1909f56bfc062723c751e8b465ee728b)  -> (artifact id: 'a28487acc51ae95495c7f8b4507342c9') in 0.098471 seconds 
  Import took 0.108149 seconds .

========================================================================
Received Import Request.
  Time since last request: 0.000603 seconds.
  path: Assets/Characters/teacher_One/animation_teacher_one/Marcus@Breathing Idle.fbm/Marcus_Beard_Specular.png
  artifactKey: Guid(c953a21d69c62a647bdc7d22b24fc763) Importer(815301076,1909f56bfc062723c751e8b465ee728b)
Start importing Assets/Characters/teacher_One/animation_teacher_one/Marcus@Breathing Idle.fbm/Marcus_Beard_Specular.png using Guid(c953a21d69c62a647bdc7d22b24fc763) Importer(815301076,1909f56bfc062723c751e8b465ee728b)  -> (artifact id: 'ade7ca93264923ce07d20dc8bb68c608') in 0.050881 seconds 
  Import took 0.058145 seconds .

========================================================================
Received Import Request.
  Time since last request: 0.000647 seconds.
  path: Assets/Characters/teacher_One/animation_teacher_one/Marcus@Breathing Idle.fbm/Marcus_Beard_Opacity.png
  artifactKey: Guid(3e1894ac2d52554478f999dd8ef1e854) Importer(815301076,1909f56bfc062723c751e8b465ee728b)
Start importing Assets/Characters/teacher_One/animation_teacher_one/Marcus@Breathing Idle.fbm/Marcus_Beard_Opacity.png using Guid(3e1894ac2d52554478f999dd8ef1e854) Importer(815301076,1909f56bfc062723c751e8b465ee728b)  -> (artifact id: '3dab9efdc78c66159c7a8c7da309b410') in 0.053471 seconds 
  Import took 0.061764 seconds .

========================================================================
Received Import Request.
  Time since last request: 0.000554 seconds.
  path: Assets/Characters/teacher_One/animation_teacher_one/Marcus@Breathing Idle.fbm/Marcus_Body_Specular.png
  artifactKey: Guid(a962688847c94924ba276efaade0cc39) Importer(815301076,1909f56bfc062723c751e8b465ee728b)
Start importing Assets/Characters/teacher_One/animation_teacher_one/Marcus@Breathing Idle.fbm/Marcus_Body_Specular.png using Guid(a962688847c94924ba276efaade0cc39) Importer(815301076,1909f56bfc062723c751e8b465ee728b)  -> (artifact id: 'd4d85eab146f3c8a498bd986c12c88b2') in 0.048654 seconds 
  Import took 0.055569 seconds .

========================================================================
Received Import Request.
  Time since last request: 0.000513 seconds.
  path: Assets/Characters/teacher_One/animation_teacher_one/Marcus@Breathing Idle.fbm/Marcus_Bottom_Opacity.png
  artifactKey: Guid(b72984510d715024d80d0626080e641b) Importer(815301076,1909f56bfc062723c751e8b465ee728b)
Start importing Assets/Characters/teacher_One/animation_teacher_one/Marcus@Breathing Idle.fbm/Marcus_Bottom_Opacity.png using Guid(b72984510d715024d80d0626080e641b) Importer(815301076,1909f56bfc062723c751e8b465ee728b)  -> (artifact id: 'ccc72f82b742a8bec17282edfadb5a25') in 0.044740 seconds 
  Import took 0.051492 seconds .

========================================================================
Received Import Request.
  Time since last request: 0.000460 seconds.
  path: Assets/Characters/teacher_One/animation_teacher_one/Marcus@Breathing Idle.fbm/Marcus_Bottom_Specular.png
  artifactKey: Guid(06a90bf312c0f0f428dbcf373a93fb8f) Importer(815301076,1909f56bfc062723c751e8b465ee728b)
Start importing Assets/Characters/teacher_One/animation_teacher_one/Marcus@Breathing Idle.fbm/Marcus_Bottom_Specular.png using Guid(06a90bf312c0f0f428dbcf373a93fb8f) Importer(815301076,1909f56bfc062723c751e8b465ee728b)  -> (artifact id: 'cb20033cc3958ae614062a33a6fc50c4') in 0.043125 seconds 
  Import took 0.050106 seconds .

========================================================================
Received Import Request.
  Time since last request: 0.000573 seconds.
  path: Assets/Characters/teacher_One/animation_teacher_one/Marcus@Breathing Idle.fbm/Marcus_Eyewear_Diffuse.png
  artifactKey: Guid(f090a1b960e12924e8cd6e4abe8abb61) Importer(815301076,1909f56bfc062723c751e8b465ee728b)
Start importing Assets/Characters/teacher_One/animation_teacher_one/Marcus@Breathing Idle.fbm/Marcus_Eyewear_Diffuse.png using Guid(f090a1b960e12924e8cd6e4abe8abb61) Importer(815301076,1909f56bfc062723c751e8b465ee728b)  -> (artifact id: '466a383862c8ad72779ef490b047983b') in 0.031471 seconds 
  Import took 0.038504 seconds .

========================================================================
Received Import Request.
  Time since last request: 0.000504 seconds.
  path: Assets/Characters/teacher_One/animation_teacher_one/Marcus@Breathing Idle.fbm/Marcus_Body_Opacity.png
  artifactKey: Guid(a247fc539e3452e48b899471c19152cf) Importer(815301076,1909f56bfc062723c751e8b465ee728b)
Start importing Assets/Characters/teacher_One/animation_teacher_one/Marcus@Breathing Idle.fbm/Marcus_Body_Opacity.png using Guid(a247fc539e3452e48b899471c19152cf) Importer(815301076,1909f56bfc062723c751e8b465ee728b)  -> (artifact id: 'bb9788139add0d60a68dcbf24eb092bb') in 0.047742 seconds 
  Import took 0.055124 seconds .

========================================================================
Received Import Request.
  Time since last request: 0.000565 seconds.
  path: Assets/Characters/teacher_One/animation_teacher_one/Marcus@Breathing Idle.fbm/Marcus_Bottom_Gloss.png
  artifactKey: Guid(0c21196e18acd8a45bdfc5a2e4588148) Importer(815301076,1909f56bfc062723c751e8b465ee728b)
Start importing Assets/Characters/teacher_One/animation_teacher_one/Marcus@Breathing Idle.fbm/Marcus_Bottom_Gloss.png using Guid(0c21196e18acd8a45bdfc5a2e4588148) Importer(815301076,1909f56bfc062723c751e8b465ee728b)  -> (artifact id: '01cf89475efdb0dd5b547910132c7c42') in 0.043634 seconds 
  Import took 0.051034 seconds .

========================================================================
Received Import Request.
  Time since last request: 0.000434 seconds.
  path: Assets/Characters/teacher_One/animation_teacher_one/Marcus@Breathing Idle.fbm/Marcus_Body_Gloss.png
  artifactKey: Guid(a9eed8f011c4c1e46a7e7500986c0673) Importer(815301076,1909f56bfc062723c751e8b465ee728b)
Start importing Assets/Characters/teacher_One/animation_teacher_one/Marcus@Breathing Idle.fbm/Marcus_Body_Gloss.png using Guid(a9eed8f011c4c1e46a7e7500986c0673) Importer(815301076,1909f56bfc062723c751e8b465ee728b)  -> (artifact id: '8c9ace299b9ec3792dbe071fccf7c577') in 0.041889 seconds 
  Import took 0.048653 seconds .

========================================================================
Received Import Request.
  Time since last request: 115.190169 seconds.
  path: Assets/Characters/hostile_stundent/Animator/jasper@Happy Idle.fbx
  artifactKey: Guid(b799e830ddf0fb3449457c64997d8ff7) Importer(815301076,1909f56bfc062723c751e8b465ee728b)
Start importing Assets/Characters/hostile_stundent/Animator/jasper@Happy Idle.fbx using Guid(b799e830ddf0fb3449457c64997d8ff7) Importer(815301076,1909f56bfc062723c751e8b465ee728b)  -> (artifact id: '43ff7ee9429f9e87ea5c5aee2e230c34') in 0.618637 seconds 
  Import took 0.632560 seconds .

========================================================================
Received Import Request.
  Time since last request: 0.000455 seconds.
  path: Assets/Characters/hostile_stundent/Animator/jasper@Yelling.fbx
  artifactKey: Guid(90230505505095c40a8c9f4765096c1e) Importer(815301076,1909f56bfc062723c751e8b465ee728b)
Start importing Assets/Characters/hostile_stundent/Animator/jasper@Yelling.fbx using Guid(90230505505095c40a8c9f4765096c1e) Importer(815301076,1909f56bfc062723c751e8b465ee728b)  -> (artifact id: '2769df2b442506c1089db06e2aa9c91b') in 0.490172 seconds 
  Import took 0.508575 seconds .

========================================================================
Received Import Request.
  Time since last request: 0.000627 seconds.
  path: Assets/Characters/hostile_stundent/Animator/jasper@Walking.fbx
  artifactKey: Guid(e93bb239679b6e749b396689e0d23c07) Importer(815301076,1909f56bfc062723c751e8b465ee728b)
Start importing Assets/Characters/hostile_stundent/Animator/jasper@Walking.fbx using Guid(e93bb239679b6e749b396689e0d23c07) Importer(815301076,1909f56bfc062723c751e8b465ee728b)  -> (artifact id: 'f748b47755aad45bfb74f3cd72e24ff6') in 0.484501 seconds 
  Import took 0.499756 seconds .

========================================================================
Received Import Request.
  Time since last request: 30.093176 seconds.
  path: Assets/Characters/hostile_stundent/Animator/jasper@Happy Idle.fbx
  artifactKey: Guid(b799e830ddf0fb3449457c64997d8ff7) Importer(815301076,1909f56bfc062723c751e8b465ee728b)
Start importing Assets/Characters/hostile_stundent/Animator/jasper@Happy Idle.fbx using Guid(b799e830ddf0fb3449457c64997d8ff7) Importer(815301076,1909f56bfc062723c751e8b465ee728b)  -> (artifact id: '5c82c7760432f32ac4ccf15a36004afe') in 0.399363 seconds 
  Import took 0.409861 seconds .

========================================================================
Received Import Request.
  Time since last request: 24.461502 seconds.
  path: Assets/Characters/hostile_stundent/Animator/jasper@Walking.fbx
  artifactKey: Guid(e93bb239679b6e749b396689e0d23c07) Importer(815301076,1909f56bfc062723c751e8b465ee728b)
Start importing Assets/Characters/hostile_stundent/Animator/jasper@Walking.fbx using Guid(e93bb239679b6e749b396689e0d23c07) Importer(815301076,1909f56bfc062723c751e8b465ee728b)  -> (artifact id: '1dd5da32abae107cd27cffee02ea2dac') in 0.377973 seconds 
  Import took 0.388406 seconds .

========================================================================
Received Import Request.
  Time since last request: 10.223756 seconds.
  path: Assets/Characters/hostile_stundent/Animator/jasper@Yelling.fbx
  artifactKey: Guid(90230505505095c40a8c9f4765096c1e) Importer(815301076,1909f56bfc062723c751e8b465ee728b)
Start importing Assets/Characters/hostile_stundent/Animator/jasper@Yelling.fbx using Guid(90230505505095c40a8c9f4765096c1e) Importer(815301076,1909f56bfc062723c751e8b465ee728b)  -> (artifact id: '21f53e0aa070b6785b419dfe9b6c0a1f') in 0.362433 seconds 
  Import took 0.372494 seconds .

========================================================================
Received Import Request.
  Time since last request: 37.093809 seconds.
  path: Assets/Characters/teacher_One/animation_teacher_one/Marcus@Breathing Idle.fbx
  artifactKey: Guid(3fb05ea9fad521148add0e6fa05a8b90) Importer(815301076,1909f56bfc062723c751e8b465ee728b)
Start importing Assets/Characters/teacher_One/animation_teacher_one/Marcus@Breathing Idle.fbx using Guid(3fb05ea9fad521148add0e6fa05a8b90) Importer(815301076,1909f56bfc062723c751e8b465ee728b)  -> (artifact id: '722e014b5a81bc3b0d5170d10aeacab2') in 0.377547 seconds 
  Import took 0.388918 seconds .

========================================================================
Received Import Request.
  Time since last request: 187.902715 seconds.
  path: Assets/Characters/hostile_stundent/Animator/Marcus@Breathing Idle.controller
  artifactKey: Guid(4216e0ed8f386bd4eb3284ca06e7936d) Importer(815301076,1909f56bfc062723c751e8b465ee728b)
Start importing Assets/Characters/hostile_stundent/Animator/Marcus@Breathing Idle.controller using Guid(4216e0ed8f386bd4eb3284ca06e7936d) Importer(815301076,1909f56bfc062723c751e8b465ee728b)  -> (artifact id: 'f4007f3f766882221c3d553f4320b02b') in 0.040115 seconds 
  Import took 0.049425 seconds .

========================================================================
Received Import Request.
  Time since last request: 295.166223 seconds.
  path: Assets/Characters/hostile_stundent/Animator/jasper@Happy Idle.fbx
  artifactKey: Guid(b799e830ddf0fb3449457c64997d8ff7) Importer(815301076,1909f56bfc062723c751e8b465ee728b)
Start importing Assets/Characters/hostile_stundent/Animator/jasper@Happy Idle.fbx using Guid(b799e830ddf0fb3449457c64997d8ff7) Importer(815301076,1909f56bfc062723c751e8b465ee728b)  -> (artifact id: '92d43d3c0fac5c9f879a1f9c54b8ae7d') in 0.355625 seconds 
  Import took 0.367333 seconds .

========================================================================
Received Import Request.
  Time since last request: 87.273067 seconds.
  path: Assets/Characters/hostile_stundent/Animator/jasper@Yelling.fbx
  artifactKey: Guid(90230505505095c40a8c9f4765096c1e) Importer(815301076,1909f56bfc062723c751e8b465ee728b)
Start importing Assets/Characters/hostile_stundent/Animator/jasper@Yelling.fbx using Guid(90230505505095c40a8c9f4765096c1e) Importer(815301076,1909f56bfc062723c751e8b465ee728b)  -> (artifact id: 'ea1b76af2ba9d324e9e6b94faf87e31b') in 0.390630 seconds 
  Import took 0.402289 seconds .

========================================================================
Received Import Request.
  Time since last request: 24.893591 seconds.
  path: Assets/Characters/hostile_stundent/Animator/jasper@Walking.fbx
  artifactKey: Guid(e93bb239679b6e749b396689e0d23c07) Importer(815301076,1909f56bfc062723c751e8b465ee728b)
Start importing Assets/Characters/hostile_stundent/Animator/jasper@Walking.fbx using Guid(e93bb239679b6e749b396689e0d23c07) Importer(815301076,1909f56bfc062723c751e8b465ee728b)  -> (artifact id: '1d2d394fb45cd707054a5c70ce83f012') in 0.392912 seconds 
  Import took 0.406058 seconds .

========================================================================
Received Import Request.
  Time since last request: 0.003742 seconds.
  path: Assets/Characters/hostile_stundent/Animator/jasper@Walking.fbx
  artifactKey: Guid(e93bb239679b6e749b396689e0d23c07) Importer(815301076,1909f56bfc062723c751e8b465ee728b)
Start importing Assets/Characters/hostile_stundent/Animator/jasper@Walking.fbx using Guid(e93bb239679b6e749b396689e0d23c07) Importer(815301076,1909f56bfc062723c751e8b465ee728b)  -> (artifact id: '1d2d394fb45cd707054a5c70ce83f012') in 0.391966 seconds 
  Import took 0.405383 seconds .

========================================================================
Received Import Request.
  Time since last request: 175.069575 seconds.
  path: Assets/Characters/hostile_stundent/Animator/Jasper@Breathing Idle.controller
  artifactKey: Guid(4216e0ed8f386bd4eb3284ca06e7936d) Importer(815301076,1909f56bfc062723c751e8b465ee728b)
Start importing Assets/Characters/hostile_stundent/Animator/Jasper@Breathing Idle.controller using Guid(4216e0ed8f386bd4eb3284ca06e7936d) Importer(815301076,1909f56bfc062723c751e8b465ee728b)  -> (artifact id: 'eb396c7ec90defa06bcfe4dff358ef4f') in 0.035666 seconds 
  Import took 0.043417 seconds .

========================================================================
Received Prepare
Registering precompiled user dll's ...
Registered in 0.012261 seconds.
Begin MonoManager ReloadAssembly
Native extension for WindowsStandalone target not found
Refreshing native plugins compatible for Editor in 1.81 ms, found 2 plugins.
Preloading 0 native plugins for Editor in 0.00 ms.
Mono: successfully reloaded assembly
- Completed reload, in  2.462 seconds
Domain Reload Profiling:
	ReloadAssembly (2463ms)
		BeginReloadAssembly (290ms)
			ExecutionOrderSort (0ms)
			DisableScriptedObjects (5ms)
			BackupInstance (0ms)
			ReleaseScriptingObjects (0ms)
			CreateAndSetChildDomain (94ms)
		EndReloadAssembly (2001ms)
			LoadAssemblies (211ms)
			RebuildTransferFunctionScriptingTraits (0ms)
			SetupTypeCache (628ms)
			ReleaseScriptCaches (2ms)
			RebuildScriptCaches (112ms)
			SetupLoadedEditorAssemblies (816ms)
				LogAssemblyErrors (0ms)
				InitializePlatformSupportModulesInManaged (15ms)
				SetLoadedEditorAssemblies (1ms)
				RefreshPlugins (2ms)
				BeforeProcessingInitializeOnLoad (263ms)
				ProcessInitializeOnLoadAttributes (496ms)
				ProcessInitializeOnLoadMethodAttributes (21ms)
				AfterProcessingInitializeOnLoad (16ms)
				EditorAssembliesLoaded (1ms)
			ExecutionOrderSort2 (0ms)
			AwakeInstancesAfterBackupRestoration (11ms)
Platform modules already initialized, skipping
Refreshing native plugins compatible for Editor in 1.35 ms, found 2 plugins.
Preloading 0 native plugins for Editor in 0.00 ms.
Unloading 1684 Unused Serialized files (Serialized files now loaded: 0)
System memory in use before: 125.7 MB.
System memory in use after: 125.8 MB.

Unloading 16 unused Assets to reduce memory usage. Loaded Objects now: 2231.
Total: 6.912800 ms (FindLiveObjects: 0.536000 ms CreateObjectMapping: 0.164700 ms MarkObjects: 5.843000 ms  DeleteObjects: 0.365100 ms)

AssetImportParameters requested are different than current active one (requested -> active):
  custom:framework-win-MediaFoundation: 216162199b28c13a410421893ffa2e32 -> 
  custom:video-decoder-ogg-theora: a1e56fd34408186e4bbccfd4996cb3dc -> 
  custom:container-muxer-webm: aa71ff27fc2769a1b78a27578f13a17b -> 
  custom:container-demuxer-webm: 4f35f7cbe854078d1ac9338744f61a02 -> 
  custom:container-demuxer-ogg: 62fdf1f143b41e24485cea50d1cbac27 -> 
  custom:video-encoder-webm-vp8: eb34c28f22e8b96e1ab97ce403110664 -> 
  custom:video-decoder-webm-vp8: 9c59270c3fd7afecdb556c50c9e8de78 -> 
  custom:audio-decoder-ogg-vorbis: bf7c407c2cedff20999df2af8eb42d56 -> 
  custom:audio-encoder-webm-vorbis: bf7c407c2cedff20999df2af8eb42d56 -> 
========================================================================
Received Prepare
Registering precompiled user dll's ...
Registered in 0.007165 seconds.
Begin MonoManager ReloadAssembly
Native extension for WindowsStandalone target not found
Refreshing native plugins compatible for Editor in 1.25 ms, found 2 plugins.
Preloading 0 native plugins for Editor in 0.00 ms.
Mono: successfully reloaded assembly
- Completed reload, in  2.085 seconds
Domain Reload Profiling:
	ReloadAssembly (2085ms)
		BeginReloadAssembly (228ms)
			ExecutionOrderSort (0ms)
			DisableScriptedObjects (11ms)
			BackupInstance (0ms)
			ReleaseScriptingObjects (0ms)
			CreateAndSetChildDomain (52ms)
		EndReloadAssembly (1735ms)
			LoadAssemblies (200ms)
			RebuildTransferFunctionScriptingTraits (0ms)
			SetupTypeCache (657ms)
			ReleaseScriptCaches (1ms)
			RebuildScriptCaches (86ms)
			SetupLoadedEditorAssemblies (610ms)
				LogAssemblyErrors (0ms)
				InitializePlatformSupportModulesInManaged (15ms)
				SetLoadedEditorAssemblies (1ms)
				RefreshPlugins (2ms)
				BeforeProcessingInitializeOnLoad (165ms)
				ProcessInitializeOnLoadAttributes (395ms)
				ProcessInitializeOnLoadMethodAttributes (24ms)
				AfterProcessingInitializeOnLoad (9ms)
				EditorAssembliesLoaded (0ms)
			ExecutionOrderSort2 (0ms)
			AwakeInstancesAfterBackupRestoration (12ms)
Platform modules already initialized, skipping
Refreshing native plugins compatible for Editor in 0.98 ms, found 2 plugins.
Preloading 0 native plugins for Editor in 0.00 ms.
Unloading 1684 Unused Serialized files (Serialized files now loaded: 0)
System memory in use before: 125.8 MB.
System memory in use after: 125.9 MB.

Unloading 16 unused Assets to reduce memory usage. Loaded Objects now: 2246.
Total: 5.626200 ms (FindLiveObjects: 0.359600 ms CreateObjectMapping: 0.117100 ms MarkObjects: 4.849300 ms  DeleteObjects: 0.297700 ms)

AssetImportParameters requested are different than current active one (requested -> active):
  custom:framework-win-MediaFoundation: 216162199b28c13a410421893ffa2e32 -> 
  custom:video-decoder-ogg-theora: a1e56fd34408186e4bbccfd4996cb3dc -> 
  custom:container-muxer-webm: aa71ff27fc2769a1b78a27578f13a17b -> 
  custom:container-demuxer-webm: 4f35f7cbe854078d1ac9338744f61a02 -> 
  custom:container-demuxer-ogg: 62fdf1f143b41e24485cea50d1cbac27 -> 
  custom:video-encoder-webm-vp8: eb34c28f22e8b96e1ab97ce403110664 -> 
  custom:video-decoder-webm-vp8: 9c59270c3fd7afecdb556c50c9e8de78 -> 
  custom:audio-decoder-ogg-vorbis: bf7c407c2cedff20999df2af8eb42d56 -> 
  custom:audio-encoder-webm-vorbis: bf7c407c2cedff20999df2af8eb42d56 -> 
========================================================================
Received Prepare
Registering precompiled user dll's ...
Registered in 0.014699 seconds.
Begin MonoManager ReloadAssembly
Native extension for WindowsStandalone target not found
Refreshing native plugins compatible for Editor in 1.90 ms, found 2 plugins.
Preloading 0 native plugins for Editor in 0.00 ms.
Mono: successfully reloaded assembly
- Completed reload, in  2.770 seconds
Domain Reload Profiling:
	ReloadAssembly (2771ms)
		BeginReloadAssembly (274ms)
			ExecutionOrderSort (0ms)
			DisableScriptedObjects (45ms)
			BackupInstance (0ms)
			ReleaseScriptingObjects (0ms)
			CreateAndSetChildDomain (72ms)
		EndReloadAssembly (2357ms)
			LoadAssemblies (224ms)
			RebuildTransferFunctionScriptingTraits (0ms)
			SetupTypeCache (734ms)
			ReleaseScriptCaches (2ms)
			RebuildScriptCaches (135ms)
			SetupLoadedEditorAssemblies (955ms)
				LogAssemblyErrors (0ms)
				InitializePlatformSupportModulesInManaged (11ms)
				SetLoadedEditorAssemblies (1ms)
				RefreshPlugins (2ms)
				BeforeProcessingInitializeOnLoad (218ms)
				ProcessInitializeOnLoadAttributes (676ms)
				ProcessInitializeOnLoadMethodAttributes (29ms)
				AfterProcessingInitializeOnLoad (16ms)
				EditorAssembliesLoaded (1ms)
			ExecutionOrderSort2 (0ms)
			AwakeInstancesAfterBackupRestoration (22ms)
Platform modules already initialized, skipping
Refreshing native plugins compatible for Editor in 1.66 ms, found 2 plugins.
Preloading 0 native plugins for Editor in 0.00 ms.
Unloading 1684 Unused Serialized files (Serialized files now loaded: 0)
System memory in use before: 125.9 MB.
System memory in use after: 126.0 MB.

Unloading 16 unused Assets to reduce memory usage. Loaded Objects now: 2261.
Total: 7.066300 ms (FindLiveObjects: 0.526500 ms CreateObjectMapping: 0.117400 ms MarkObjects: 6.033000 ms  DeleteObjects: 0.385800 ms)

AssetImportParameters requested are different than current active one (requested -> active):
  custom:framework-win-MediaFoundation: 216162199b28c13a410421893ffa2e32 -> 
  custom:video-decoder-ogg-theora: a1e56fd34408186e4bbccfd4996cb3dc -> 
  custom:container-muxer-webm: aa71ff27fc2769a1b78a27578f13a17b -> 
  custom:container-demuxer-webm: 4f35f7cbe854078d1ac9338744f61a02 -> 
  custom:container-demuxer-ogg: 62fdf1f143b41e24485cea50d1cbac27 -> 
  custom:video-encoder-webm-vp8: eb34c28f22e8b96e1ab97ce403110664 -> 
  custom:video-decoder-webm-vp8: 9c59270c3fd7afecdb556c50c9e8de78 -> 
  custom:audio-decoder-ogg-vorbis: bf7c407c2cedff20999df2af8eb42d56 -> 
  custom:audio-encoder-webm-vorbis: bf7c407c2cedff20999df2af8eb42d56 -> 
========================================================================
Received Import Request.
  Time since last request: 1613.686803 seconds.
  path: Assets/Imagens/notebook.png
  artifactKey: Guid(b6c9c92eee9290a4aa2cebcc1f49c413) Importer(815301076,1909f56bfc062723c751e8b465ee728b)
Start importing Assets/Imagens/notebook.png using Guid(b6c9c92eee9290a4aa2cebcc1f49c413) Importer(815301076,1909f56bfc062723c751e8b465ee728b)  -> (artifact id: '08ace995970e979485a8f53f4a32f597') in 1.121151 seconds 
  Import took 1.129748 seconds .

========================================================================
Received Import Request.
  Time since last request: 76.760485 seconds.
  path: Assets/Imagens/notebook.png
  artifactKey: Guid(b6c9c92eee9290a4aa2cebcc1f49c413) Importer(815301076,1909f56bfc062723c751e8b465ee728b)
Start importing Assets/Imagens/notebook.png using Guid(b6c9c92eee9290a4aa2cebcc1f49c413) Importer(815301076,1909f56bfc062723c751e8b465ee728b)  -> (artifact id: 'a1f942009fa5464fc16b0f6b44d43642') in 0.057138 seconds 
  Import took 0.063281 seconds .

========================================================================
Received Import Request.
  Time since last request: 0.643003 seconds.
  path: Assets/Imagens/notebook.png
  artifactKey: Guid(b6c9c92eee9290a4aa2cebcc1f49c413) Importer(815301076,1909f56bfc062723c751e8b465ee728b)
Start importing Assets/Imagens/notebook.png using Guid(b6c9c92eee9290a4aa2cebcc1f49c413) Importer(815301076,1909f56bfc062723c751e8b465ee728b)  -> (artifact id: 'a1f942009fa5464fc16b0f6b44d43642') in 0.553189 seconds 
  Import took 0.559871 seconds .

AssetImportWorkerClient::OnTransportError - code=2 error=End of file
